<?xml version="1.0" encoding="UTF-8"?>
<!-- Generated by org.testng.reporters.JUnitReportReporter -->
<testsuite skipped="0" hostname="LAPTOP-NDTQ3I36" name="cucumber.TestNGTestRunner" tests="18" failures="0" timestamp="01 Jul 2024 13:06:30 GMT" time="344.499" errors="0">
  <testcase name="runScenario" time="9.590" classname="cucumber.TestNGTestRunner"/>
  <testcase name="runScenario" time="14.254" classname="cucumber.TestNGTestRunner"/>
  <testcase name="runScenario" time="14.827" classname="cucumber.TestNGTestRunner"/>
  <testcase name="runScenario" time="11.330" classname="cucumber.TestNGTestRunner"/>
  <testcase name="runScenario" time="16.023" classname="cucumber.TestNGTestRunner"/>
  <testcase name="runScenario" time="24.535" classname="cucumber.TestNGTestRunner"/>
  <testcase name="runScenario" time="24.293" classname="cucumber.TestNGTestRunner"/>
  <testcase name="runScenario" time="10.972" classname="cucumber.TestNGTestRunner"/>
  <testcase name="runScenario" time="11.335" classname="cucumber.TestNGTestRunner"/>
  <testcase name="runScenario" time="20.409" classname="cucumber.TestNGTestRunner"/>
  <testcase name="runScenario" time="65.811" classname="cucumber.TestNGTestRunner"/>
  <testcase name="runScenario" time="14.234" classname="cucumber.TestNGTestRunner"/>
  <testcase name="runScenario" time="15.004" classname="cucumber.TestNGTestRunner"/>
  <testcase name="runScenario" time="29.106" classname="cucumber.TestNGTestRunner"/>
  <testcase name="runScenario" time="10.173" classname="cucumber.TestNGTestRunner"/>
  <testcase name="runScenario" time="17.763" classname="cucumber.TestNGTestRunner"/>
  <testcase name="runScenario" time="15.588" classname="cucumber.TestNGTestRunner"/>
  <testcase name="runScenario" time="19.252" classname="cucumber.TestNGTestRunner"/>
</testsuite> <!-- cucumber.TestNGTestRunner -->
